{"name":"interacting with option Text Box","id":"automate-the-section-alerts-frames-y-windows-for-demoqa.com;interacting-with-option-text-box","testSteps":[{"number":1,"description":"Given the client is on the homepage","duration":12487,"startTime":"2024-07-19T19:23:22.778546600-05:00[America/Bogota]","screenshots":[{"screenshot":"5d3074b57aa4a03b5626b693e578f37ee175f9e8011de6859c42386d9756acea.png","timeStamp":1721435015266}],"result":"SUCCESS","precondition":false,"level":0,"children":[{"number":2,"description":"user opens the https://demoqa.com/","duration":11897,"startTime":"2024-07-19T19:23:23.353579800-05:00[America/Bogota]","screenshots":[{"screenshot":"5d3074b57aa4a03b5626b693e578f37ee175f9e8011de6859c42386d9756acea.png","timeStamp":1721435015251}],"result":"SUCCESS","precondition":false,"level":1}]},{"number":3,"description":"When selects the option Alerts frames and windows","duration":6986,"startTime":"2024-07-19T19:23:35.267172-05:00[America/Bogota]","screenshots":[{"screenshot":"5d3074b57aa4a03b5626b693e578f37ee175f9e8011de6859c42386d9756acea.png","timeStamp":1721435015275}],"exception":{"errorType":"net.thucydides.core.webdriver.exceptions.ElementShouldBeEnabledException","message":"Expected enabled element was not enabled","stackTrace":[{"classLoaderName":"app","declaringClass":"com.luisautomation.interactions.SelectsAlertsFrames","methodName":"performAs","fileName":"SelectsAlertsFrames.java","lineNumber":17,"format":1},{"classLoaderName":"app","declaringClass":"com.luisautomation.stepdefinitions.AlertsFramesStepDefinitions","methodName":"selectsTheOptionAlertsFramesAndWindows","fileName":"AlertsFramesStepDefinitions.java","lineNumber":27,"format":1},{"classLoaderName":"app","declaringClass":"cucumber.runner.Runner","methodName":"runPickle","fileName":"Runner.java","lineNumber":80,"format":1},{"classLoaderName":"app","declaringClass":"worker.org.gradle.process.internal.worker.GradleWorkerMain","methodName":"run","fileName":"GradleWorkerMain.java","lineNumber":69,"format":1},{"classLoaderName":"app","declaringClass":"worker.org.gradle.process.internal.worker.GradleWorkerMain","methodName":"main","fileName":"GradleWorkerMain.java","lineNumber":74,"format":1}],"rootCause":{"errorType":"org.openqa.selenium.TimeoutException","message":"Expected condition failed: waiting for By.xpath: /h5[text()\u003d\u0027Alerts, Frame \u0026 Windows\u0027] to be enabled (tried for 5 second(s) with 100 milliseconds interval)","stackTrace":[{"classLoaderName":"app","declaringClass":"com.luisautomation.interactions.SelectsAlertsFrames","methodName":"performAs","fileName":"SelectsAlertsFrames.java","lineNumber":17,"format":1},{"classLoaderName":"app","declaringClass":"com.luisautomation.stepdefinitions.AlertsFramesStepDefinitions","methodName":"selectsTheOptionAlertsFramesAndWindows","fileName":"AlertsFramesStepDefinitions.java","lineNumber":27,"format":1},{"classLoaderName":"app","declaringClass":"cucumber.runner.Runner","methodName":"runPickle","fileName":"Runner.java","lineNumber":80,"format":1},{"classLoaderName":"app","declaringClass":"worker.org.gradle.process.internal.worker.GradleWorkerMain","methodName":"run","fileName":"GradleWorkerMain.java","lineNumber":69,"format":1},{"classLoaderName":"app","declaringClass":"worker.org.gradle.process.internal.worker.GradleWorkerMain","methodName":"main","fileName":"GradleWorkerMain.java","lineNumber":74,"format":1}],"rootCause":{"errorType":"org.openqa.selenium.NoSuchElementException","message":"no such element: Unable to locate element: {\"method\":\"xpath\",\"selector\":\"/h5[text()\u003d\u0027Alerts, Frame \u0026 Windows\u0027]\"}\n  (Session info: chrome\u003d126.0.6478.127)\nFor documentation on this error, please visit: https://www.seleniumhq.org/exceptions/no_such_element.html\nBuild info: version: \u00273.141.59\u0027, revision: \u0027e82be7d358\u0027, time: \u00272018-11-14T08:17:03\u0027\nSystem info: host: \u0027DESKTOP-IJR7OG3\u0027, ip: \u0027192.168.1.1\u0027, os.name: \u0027Windows 10\u0027, os.arch: \u0027amd64\u0027, os.version: \u002710.0\u0027, java.version: \u002711.0.18\u0027\nDriver info: org.openqa.selenium.chrome.ChromeDriver\nCapabilities {acceptInsecureCerts: false, browserName: chrome, browserVersion: 126.0.6478.127, chrome: {chromedriverVersion: 125.0.6422.141 (4b1e8393712..., userDataDir: C:\\Users\\PC\\AppData\\Local\\T...}, fedcm:accounts: true, goog:chromeOptions: {debuggerAddress: localhost:61354}, javascriptEnabled: true, networkConnectionEnabled: false, pageLoadStrategy: normal, platform: WINDOWS, platformName: WINDOWS, proxy: Proxy(), setWindowRect: true, strictFileInteractability: false, timeouts: {implicit: 0, pageLoad: 300000, script: 30000}, unhandledPromptBehavior: dismiss and notify, webauthn:extension:credBlob: true, webauthn:extension:largeBlob: true, webauthn:extension:minPinLength: true, webauthn:extension:prf: true, webauthn:virtualAuthenticators: true}\nSession ID: b8021ed85d252bd0622e296910e3ccae\n*** Element info: {Using\u003dxpath, value\u003d/h5[text()\u003d\u0027Alerts, Frame \u0026 Windows\u0027]}","stackTrace":[{"classLoaderName":"app","declaringClass":"com.luisautomation.interactions.SelectsAlertsFrames","methodName":"performAs","fileName":"SelectsAlertsFrames.java","lineNumber":17,"format":1},{"classLoaderName":"app","declaringClass":"com.luisautomation.stepdefinitions.AlertsFramesStepDefinitions","methodName":"selectsTheOptionAlertsFramesAndWindows","fileName":"AlertsFramesStepDefinitions.java","lineNumber":27,"format":1},{"classLoaderName":"app","declaringClass":"cucumber.runner.Runner","methodName":"runPickle","fileName":"Runner.java","lineNumber":80,"format":1},{"classLoaderName":"app","declaringClass":"worker.org.gradle.process.internal.worker.GradleWorkerMain","methodName":"run","fileName":"GradleWorkerMain.java","lineNumber":69,"format":1},{"classLoaderName":"app","declaringClass":"worker.org.gradle.process.internal.worker.GradleWorkerMain","methodName":"main","fileName":"GradleWorkerMain.java","lineNumber":74,"format":1}]}}},"result":"FAILURE","precondition":false,"level":0,"children":[{"number":4,"description":"User selects alerts frames","duration":6958,"startTime":"2024-07-19T19:23:35.285167900-05:00[America/Bogota]","screenshots":[{"screenshot":"5d3074b57aa4a03b5626b693e578f37ee175f9e8011de6859c42386d9756acea.png","timeStamp":1721435015295}],"exception":{"errorType":"net.thucydides.core.webdriver.exceptions.ElementShouldBeEnabledException","message":"Expected enabled element was not enabled","stackTrace":[{"classLoaderName":"app","declaringClass":"com.luisautomation.interactions.SelectsAlertsFrames","methodName":"performAs","fileName":"SelectsAlertsFrames.java","lineNumber":17,"format":1},{"classLoaderName":"app","declaringClass":"com.luisautomation.stepdefinitions.AlertsFramesStepDefinitions","methodName":"selectsTheOptionAlertsFramesAndWindows","fileName":"AlertsFramesStepDefinitions.java","lineNumber":27,"format":1},{"classLoaderName":"app","declaringClass":"cucumber.runner.Runner","methodName":"runPickle","fileName":"Runner.java","lineNumber":80,"format":1},{"classLoaderName":"app","declaringClass":"worker.org.gradle.process.internal.worker.GradleWorkerMain","methodName":"run","fileName":"GradleWorkerMain.java","lineNumber":69,"format":1},{"classLoaderName":"app","declaringClass":"worker.org.gradle.process.internal.worker.GradleWorkerMain","methodName":"main","fileName":"GradleWorkerMain.java","lineNumber":74,"format":1}],"rootCause":{"errorType":"org.openqa.selenium.TimeoutException","message":"Expected condition failed: waiting for By.xpath: /h5[text()\u003d\u0027Alerts, Frame \u0026 Windows\u0027] to be enabled (tried for 5 second(s) with 100 milliseconds interval)","stackTrace":[{"classLoaderName":"app","declaringClass":"com.luisautomation.interactions.SelectsAlertsFrames","methodName":"performAs","fileName":"SelectsAlertsFrames.java","lineNumber":17,"format":1},{"classLoaderName":"app","declaringClass":"com.luisautomation.stepdefinitions.AlertsFramesStepDefinitions","methodName":"selectsTheOptionAlertsFramesAndWindows","fileName":"AlertsFramesStepDefinitions.java","lineNumber":27,"format":1},{"classLoaderName":"app","declaringClass":"cucumber.runner.Runner","methodName":"runPickle","fileName":"Runner.java","lineNumber":80,"format":1},{"classLoaderName":"app","declaringClass":"worker.org.gradle.process.internal.worker.GradleWorkerMain","methodName":"run","fileName":"GradleWorkerMain.java","lineNumber":69,"format":1},{"classLoaderName":"app","declaringClass":"worker.org.gradle.process.internal.worker.GradleWorkerMain","methodName":"main","fileName":"GradleWorkerMain.java","lineNumber":74,"format":1}],"rootCause":{"errorType":"org.openqa.selenium.NoSuchElementException","message":"no such element: Unable to locate element: {\"method\":\"xpath\",\"selector\":\"/h5[text()\u003d\u0027Alerts, Frame \u0026 Windows\u0027]\"}\n  (Session info: chrome\u003d126.0.6478.127)\nFor documentation on this error, please visit: https://www.seleniumhq.org/exceptions/no_such_element.html\nBuild info: version: \u00273.141.59\u0027, revision: \u0027e82be7d358\u0027, time: \u00272018-11-14T08:17:03\u0027\nSystem info: host: \u0027DESKTOP-IJR7OG3\u0027, ip: \u0027192.168.1.1\u0027, os.name: \u0027Windows 10\u0027, os.arch: \u0027amd64\u0027, os.version: \u002710.0\u0027, java.version: \u002711.0.18\u0027\nDriver info: org.openqa.selenium.chrome.ChromeDriver\nCapabilities {acceptInsecureCerts: false, browserName: chrome, browserVersion: 126.0.6478.127, chrome: {chromedriverVersion: 125.0.6422.141 (4b1e8393712..., userDataDir: C:\\Users\\PC\\AppData\\Local\\T...}, fedcm:accounts: true, goog:chromeOptions: {debuggerAddress: localhost:61354}, javascriptEnabled: true, networkConnectionEnabled: false, pageLoadStrategy: normal, platform: WINDOWS, platformName: WINDOWS, proxy: Proxy(), setWindowRect: true, strictFileInteractability: false, timeouts: {implicit: 0, pageLoad: 300000, script: 30000}, unhandledPromptBehavior: dismiss and notify, webauthn:extension:credBlob: true, webauthn:extension:largeBlob: true, webauthn:extension:minPinLength: true, webauthn:extension:prf: true, webauthn:virtualAuthenticators: true}\nSession ID: b8021ed85d252bd0622e296910e3ccae\n*** Element info: {Using\u003dxpath, value\u003d/h5[text()\u003d\u0027Alerts, Frame \u0026 Windows\u0027]}","stackTrace":[{"classLoaderName":"app","declaringClass":"com.luisautomation.interactions.SelectsAlertsFrames","methodName":"performAs","fileName":"SelectsAlertsFrames.java","lineNumber":17,"format":1},{"classLoaderName":"app","declaringClass":"com.luisautomation.stepdefinitions.AlertsFramesStepDefinitions","methodName":"selectsTheOptionAlertsFramesAndWindows","fileName":"AlertsFramesStepDefinitions.java","lineNumber":27,"format":1},{"classLoaderName":"app","declaringClass":"cucumber.runner.Runner","methodName":"runPickle","fileName":"Runner.java","lineNumber":80,"format":1},{"classLoaderName":"app","declaringClass":"worker.org.gradle.process.internal.worker.GradleWorkerMain","methodName":"run","fileName":"GradleWorkerMain.java","lineNumber":69,"format":1},{"classLoaderName":"app","declaringClass":"worker.org.gradle.process.internal.worker.GradleWorkerMain","methodName":"main","fileName":"GradleWorkerMain.java","lineNumber":74,"format":1}]}}},"result":"FAILURE","precondition":false,"level":1,"children":[{"number":5,"description":"user clicks on Boton option Alerts, Frame \u0026 Windows","duration":6921,"startTime":"2024-07-19T19:23:35.309169900-05:00[America/Bogota]","screenshots":[{"screenshot":"5d3074b57aa4a03b5626b693e578f37ee175f9e8011de6859c42386d9756acea.png","htmlSource":"pagesource14545702427405007662.html.txt","timeStamp":1721435022225}],"exception":{"errorType":"net.thucydides.core.webdriver.exceptions.ElementShouldBeEnabledException","message":"Expected enabled element was not enabled","stackTrace":[{"classLoaderName":"app","declaringClass":"com.luisautomation.interactions.SelectsAlertsFrames","methodName":"performAs","fileName":"SelectsAlertsFrames.java","lineNumber":17,"format":1},{"classLoaderName":"app","declaringClass":"com.luisautomation.stepdefinitions.AlertsFramesStepDefinitions","methodName":"selectsTheOptionAlertsFramesAndWindows","fileName":"AlertsFramesStepDefinitions.java","lineNumber":27,"format":1},{"classLoaderName":"app","declaringClass":"cucumber.runner.Runner","methodName":"runPickle","fileName":"Runner.java","lineNumber":80,"format":1},{"classLoaderName":"app","declaringClass":"worker.org.gradle.process.internal.worker.GradleWorkerMain","methodName":"run","fileName":"GradleWorkerMain.java","lineNumber":69,"format":1},{"classLoaderName":"app","declaringClass":"worker.org.gradle.process.internal.worker.GradleWorkerMain","methodName":"main","fileName":"GradleWorkerMain.java","lineNumber":74,"format":1}],"rootCause":{"errorType":"org.openqa.selenium.TimeoutException","message":"Expected condition failed: waiting for By.xpath: /h5[text()\u003d\u0027Alerts, Frame \u0026 Windows\u0027] to be enabled (tried for 5 second(s) with 100 milliseconds interval)","stackTrace":[{"classLoaderName":"app","declaringClass":"com.luisautomation.interactions.SelectsAlertsFrames","methodName":"performAs","fileName":"SelectsAlertsFrames.java","lineNumber":17,"format":1},{"classLoaderName":"app","declaringClass":"com.luisautomation.stepdefinitions.AlertsFramesStepDefinitions","methodName":"selectsTheOptionAlertsFramesAndWindows","fileName":"AlertsFramesStepDefinitions.java","lineNumber":27,"format":1},{"classLoaderName":"app","declaringClass":"cucumber.runner.Runner","methodName":"runPickle","fileName":"Runner.java","lineNumber":80,"format":1},{"classLoaderName":"app","declaringClass":"worker.org.gradle.process.internal.worker.GradleWorkerMain","methodName":"run","fileName":"GradleWorkerMain.java","lineNumber":69,"format":1},{"classLoaderName":"app","declaringClass":"worker.org.gradle.process.internal.worker.GradleWorkerMain","methodName":"main","fileName":"GradleWorkerMain.java","lineNumber":74,"format":1}],"rootCause":{"errorType":"org.openqa.selenium.NoSuchElementException","message":"no such element: Unable to locate element: {\"method\":\"xpath\",\"selector\":\"/h5[text()\u003d\u0027Alerts, Frame \u0026 Windows\u0027]\"}\n  (Session info: chrome\u003d126.0.6478.127)\nFor documentation on this error, please visit: https://www.seleniumhq.org/exceptions/no_such_element.html\nBuild info: version: \u00273.141.59\u0027, revision: \u0027e82be7d358\u0027, time: \u00272018-11-14T08:17:03\u0027\nSystem info: host: \u0027DESKTOP-IJR7OG3\u0027, ip: \u0027192.168.1.1\u0027, os.name: \u0027Windows 10\u0027, os.arch: \u0027amd64\u0027, os.version: \u002710.0\u0027, java.version: \u002711.0.18\u0027\nDriver info: org.openqa.selenium.chrome.ChromeDriver\nCapabilities {acceptInsecureCerts: false, browserName: chrome, browserVersion: 126.0.6478.127, chrome: {chromedriverVersion: 125.0.6422.141 (4b1e8393712..., userDataDir: C:\\Users\\PC\\AppData\\Local\\T...}, fedcm:accounts: true, goog:chromeOptions: {debuggerAddress: localhost:61354}, javascriptEnabled: true, networkConnectionEnabled: false, pageLoadStrategy: normal, platform: WINDOWS, platformName: WINDOWS, proxy: Proxy(), setWindowRect: true, strictFileInteractability: false, timeouts: {implicit: 0, pageLoad: 300000, script: 30000}, unhandledPromptBehavior: dismiss and notify, webauthn:extension:credBlob: true, webauthn:extension:largeBlob: true, webauthn:extension:minPinLength: true, webauthn:extension:prf: true, webauthn:virtualAuthenticators: true}\nSession ID: b8021ed85d252bd0622e296910e3ccae\n*** Element info: {Using\u003dxpath, value\u003d/h5[text()\u003d\u0027Alerts, Frame \u0026 Windows\u0027]}","stackTrace":[{"classLoaderName":"app","declaringClass":"com.luisautomation.interactions.SelectsAlertsFrames","methodName":"performAs","fileName":"SelectsAlertsFrames.java","lineNumber":17,"format":1},{"classLoaderName":"app","declaringClass":"com.luisautomation.stepdefinitions.AlertsFramesStepDefinitions","methodName":"selectsTheOptionAlertsFramesAndWindows","fileName":"AlertsFramesStepDefinitions.java","lineNumber":27,"format":1},{"classLoaderName":"app","declaringClass":"cucumber.runner.Runner","methodName":"runPickle","fileName":"Runner.java","lineNumber":80,"format":1},{"classLoaderName":"app","declaringClass":"worker.org.gradle.process.internal.worker.GradleWorkerMain","methodName":"run","fileName":"GradleWorkerMain.java","lineNumber":69,"format":1},{"classLoaderName":"app","declaringClass":"worker.org.gradle.process.internal.worker.GradleWorkerMain","methodName":"main","fileName":"GradleWorkerMain.java","lineNumber":74,"format":1}]}}},"result":"FAILURE","precondition":false,"level":2}]}]},{"number":6,"description":"And selects the option Modal Dialogs","duration":14,"startTime":"2024-07-19T19:23:42.271944400-05:00[America/Bogota]","result":"SKIPPED","precondition":false,"level":0},{"number":7,"description":"When interact whit small modal","duration":7,"startTime":"2024-07-19T19:23:42.287942600-05:00[America/Bogota]","result":"SKIPPED","precondition":false,"level":0},{"number":8,"description":"Then validate message small modal","duration":8,"startTime":"2024-07-19T19:23:42.296941500-05:00[America/Bogota]","result":"SKIPPED","precondition":false,"level":0},{"number":9,"description":"When interact with large modal","duration":7,"startTime":"2024-07-19T19:23:42.307943300-05:00[America/Bogota]","result":"SKIPPED","precondition":false,"level":0},{"number":10,"description":"Then validate message large modal","duration":9,"startTime":"2024-07-19T19:23:42.316940600-05:00[America/Bogota]","result":"SKIPPED","precondition":false,"level":0}],"userStory":{"id":"automate-the-section-alerts-frames-y-windows-for-demoqa.com","storyName":"Automate the section alerts frames y windows for demoqa.com","path":"src/test/resources/features/alerts_frames_windows.feature","narrative":"  interacting with the modal dialogs","type":"feature"},"featureTag":{"name":"Features/Automate the section alerts frames y windows for demoqa.com","type":"feature","displayName":"Features/Automate the section alerts frames y windows for demoqa.com"},"title":"interacting with option Text Box","tags":[{"name":"Automate the section alerts frames y windows for demoqa.com","type":"feature","displayName":"Automate the section alerts frames y windows for demoqa.com"}],"startTime":"2024-07-19T19:23:22.633547600-05:00[America/Bogota]","duration":19694,"testFailureCause":{"errorType":"net.thucydides.core.webdriver.exceptions.ElementShouldBeEnabledException","message":"Expected enabled element was not enabled","stackTrace":[{"classLoaderName":"app","declaringClass":"com.luisautomation.interactions.SelectsAlertsFrames","methodName":"performAs","fileName":"SelectsAlertsFrames.java","lineNumber":17,"format":1},{"classLoaderName":"app","declaringClass":"com.luisautomation.stepdefinitions.AlertsFramesStepDefinitions","methodName":"selectsTheOptionAlertsFramesAndWindows","fileName":"AlertsFramesStepDefinitions.java","lineNumber":27,"format":1},{"classLoaderName":"app","declaringClass":"cucumber.runner.Runner","methodName":"runPickle","fileName":"Runner.java","lineNumber":80,"format":1},{"classLoaderName":"app","declaringClass":"worker.org.gradle.process.internal.worker.GradleWorkerMain","methodName":"run","fileName":"GradleWorkerMain.java","lineNumber":69,"format":1},{"classLoaderName":"app","declaringClass":"worker.org.gradle.process.internal.worker.GradleWorkerMain","methodName":"main","fileName":"GradleWorkerMain.java","lineNumber":74,"format":1}],"rootCause":{"errorType":"org.openqa.selenium.TimeoutException","message":"Expected condition failed: waiting for By.xpath: /h5[text()\u003d\u0027Alerts, Frame \u0026 Windows\u0027] to be enabled (tried for 5 second(s) with 100 milliseconds interval)","stackTrace":[{"classLoaderName":"app","declaringClass":"com.luisautomation.interactions.SelectsAlertsFrames","methodName":"performAs","fileName":"SelectsAlertsFrames.java","lineNumber":17,"format":1},{"classLoaderName":"app","declaringClass":"com.luisautomation.stepdefinitions.AlertsFramesStepDefinitions","methodName":"selectsTheOptionAlertsFramesAndWindows","fileName":"AlertsFramesStepDefinitions.java","lineNumber":27,"format":1},{"classLoaderName":"app","declaringClass":"cucumber.runner.Runner","methodName":"runPickle","fileName":"Runner.java","lineNumber":80,"format":1},{"classLoaderName":"app","declaringClass":"worker.org.gradle.process.internal.worker.GradleWorkerMain","methodName":"run","fileName":"GradleWorkerMain.java","lineNumber":69,"format":1},{"classLoaderName":"app","declaringClass":"worker.org.gradle.process.internal.worker.GradleWorkerMain","methodName":"main","fileName":"GradleWorkerMain.java","lineNumber":74,"format":1}],"rootCause":{"errorType":"org.openqa.selenium.NoSuchElementException","message":"no such element: Unable to locate element: {\"method\":\"xpath\",\"selector\":\"/h5[text()\u003d\u0027Alerts, Frame \u0026 Windows\u0027]\"}\n  (Session info: chrome\u003d126.0.6478.127)\nFor documentation on this error, please visit: https://www.seleniumhq.org/exceptions/no_such_element.html\nBuild info: version: \u00273.141.59\u0027, revision: \u0027e82be7d358\u0027, time: \u00272018-11-14T08:17:03\u0027\nSystem info: host: \u0027DESKTOP-IJR7OG3\u0027, ip: \u0027192.168.1.1\u0027, os.name: \u0027Windows 10\u0027, os.arch: \u0027amd64\u0027, os.version: \u002710.0\u0027, java.version: \u002711.0.18\u0027\nDriver info: org.openqa.selenium.chrome.ChromeDriver\nCapabilities {acceptInsecureCerts: false, browserName: chrome, browserVersion: 126.0.6478.127, chrome: {chromedriverVersion: 125.0.6422.141 (4b1e8393712..., userDataDir: C:\\Users\\PC\\AppData\\Local\\T...}, fedcm:accounts: true, goog:chromeOptions: {debuggerAddress: localhost:61354}, javascriptEnabled: true, networkConnectionEnabled: false, pageLoadStrategy: normal, platform: WINDOWS, platformName: WINDOWS, proxy: Proxy(), setWindowRect: true, strictFileInteractability: false, timeouts: {implicit: 0, pageLoad: 300000, script: 30000}, unhandledPromptBehavior: dismiss and notify, webauthn:extension:credBlob: true, webauthn:extension:largeBlob: true, webauthn:extension:minPinLength: true, webauthn:extension:prf: true, webauthn:virtualAuthenticators: true}\nSession ID: b8021ed85d252bd0622e296910e3ccae\n*** Element info: {Using\u003dxpath, value\u003d/h5[text()\u003d\u0027Alerts, Frame \u0026 Windows\u0027]}","stackTrace":[{"classLoaderName":"app","declaringClass":"com.luisautomation.interactions.SelectsAlertsFrames","methodName":"performAs","fileName":"SelectsAlertsFrames.java","lineNumber":17,"format":1},{"classLoaderName":"app","declaringClass":"com.luisautomation.stepdefinitions.AlertsFramesStepDefinitions","methodName":"selectsTheOptionAlertsFramesAndWindows","fileName":"AlertsFramesStepDefinitions.java","lineNumber":27,"format":1},{"classLoaderName":"app","declaringClass":"cucumber.runner.Runner","methodName":"runPickle","fileName":"Runner.java","lineNumber":80,"format":1},{"classLoaderName":"app","declaringClass":"worker.org.gradle.process.internal.worker.GradleWorkerMain","methodName":"run","fileName":"GradleWorkerMain.java","lineNumber":69,"format":1},{"classLoaderName":"app","declaringClass":"worker.org.gradle.process.internal.worker.GradleWorkerMain","methodName":"main","fileName":"GradleWorkerMain.java","lineNumber":74,"format":1}]}}},"testFailureClassname":"net.thucydides.core.webdriver.exceptions.ElementShouldBeEnabledException","testFailureMessage":"Expected enabled element was not enabled","testFailureSummary":"FAILURE;net.thucydides.core.webdriver.exceptions.ElementShouldBeEnabledException;Expected enabled element was not enabled;SelectsAlertsFrames.java","projectKey":"","annotatedResult":"FAILURE","sessionId":"b8021ed85d252bd0622e296910e3ccae","driver":"chrome:user","isManualTestingUpToDate":false,"manual":false,"testSource":"Cucumber","actors":[{"name":"user","can":["browse the web"]}],"result":"FAILURE"}